0 info it worked if it ends with ok
1 verbose cli [ '/usr/local/bin/node', '/usr/local/bin/npm', 'run', 'start' ]
2 info using npm@3.3.6
3 info using node@v4.1.1
4 verbose run-script [ 'prestart', 'start', 'poststart' ]
5 info lifecycle voting-server@1.0.0~prestart: voting-server@1.0.0
6 silly lifecycle voting-server@1.0.0~prestart: no script for prestart, continuing
7 info lifecycle voting-server@1.0.0~start: voting-server@1.0.0
8 verbose lifecycle voting-server@1.0.0~start: unsafe-perm in lifecycle true
9 verbose lifecycle voting-server@1.0.0~start: PATH: /usr/local/lib/node_modules/npm/bin/node-gyp-bin:/Users/carriesmith/Dropbox/RC/react/full_stack_redux_tutorial/voting-server/master/node_modules/.bin:/Users/carriesmith/anaconda/bin:/Users/carriesmith/anaconda/bin:/usr/local/heroku/bin:/Users/carriesmith/.rbenv/shims:/Users/carriesmith/.rbenv/shims:/Users/carriesmith/.rbenv/shims:/Users/carriesmith/.rbenv/shims:/usr/local/bin:/usr/bin:/bin:/usr/sbin:/sbin:/opt/X11/bin:/usr/local/git/bin:/usr/texbin
10 verbose lifecycle voting-server@1.0.0~start: CWD: /Users/carriesmith/Dropbox/RC/react/full_stack_redux_tutorial/voting-server/master
11 silly lifecycle voting-server@1.0.0~start: Args: [ '-c', 'babel-node index.js' ]
12 info lifecycle voting-server@1.0.0~start: Failed to exec start script
13 verbose stack Error: voting-server@1.0.0 start: `babel-node index.js`
13 verbose stack spawn ENOENT
13 verbose stack     at ChildProcess.<anonymous> (/usr/local/lib/node_modules/npm/lib/utils/spawn.js:17:16)
13 verbose stack     at emitTwo (events.js:87:13)
13 verbose stack     at ChildProcess.emit (events.js:172:7)
13 verbose stack     at maybeClose (internal/child_process.js:817:16)
13 verbose stack     at Process.ChildProcess._handle.onexit (internal/child_process.js:211:5)
14 verbose pkgid voting-server@1.0.0
15 verbose cwd /Users/carriesmith/Dropbox/RC/react/full_stack_redux_tutorial/voting-server/master
16 error Darwin 14.1.0
17 error argv "/usr/local/bin/node" "/usr/local/bin/npm" "run" "start"
18 error node v4.1.1
19 error npm  v3.3.6
20 error file sh
21 error code ELIFECYCLE
22 error errno ENOENT
23 error syscall spawn
24 error voting-server@1.0.0 start: `babel-node index.js`
24 error spawn ENOENT
25 error Failed at the voting-server@1.0.0 start script 'babel-node index.js'.
25 error This is most likely a problem with the voting-server package,
25 error not with npm itself.
25 error Tell the author that this fails on your system:
25 error     babel-node index.js
25 error You can get their info via:
25 error     npm owner ls voting-server
25 error There is likely additional logging output above.
26 verbose exit [ 1, true ]
